{"/Users/Verity/Projects/week_10/GildedRose-Refactoring-Kata/gildedRose.js": {"path":"/Users/Verity/Projects/week_10/GildedRose-Refactoring-Kata/gildedRose.js","statementMap":{"0":{"start":{"line":3,"column":4},"end":{"line":3,"column":21}},"1":{"start":{"line":4,"column":4},"end":{"line":4,"column":25}},"2":{"start":{"line":5,"column":4},"end":{"line":5,"column":27}},"3":{"start":{"line":11,"column":4},"end":{"line":11,"column":23}},"4":{"start":{"line":15,"column":4},"end":{"line":30,"column":5}},"5":{"start":{"line":15,"column":17},"end":{"line":15,"column":18}},"6":{"start":{"line":16,"column":17},"end":{"line":16,"column":30}},"7":{"start":{"line":17,"column":6},"end":{"line":17,"column":20}},"8":{"start":{"line":19,"column":6},"end":{"line":29,"column":7}},"9":{"start":{"line":20,"column":8},"end":{"line":20,"column":37}},"10":{"start":{"line":21,"column":13},"end":{"line":29,"column":7}},"11":{"start":{"line":22,"column":8},"end":{"line":22,"column":41}},"12":{"start":{"line":23,"column":13},"end":{"line":29,"column":7}},"13":{"start":{"line":24,"column":8},"end":{"line":24,"column":34}},"14":{"start":{"line":25,"column":13},"end":{"line":29,"column":7}},"15":{"start":{"line":26,"column":8},"end":{"line":26,"column":34}},"16":{"start":{"line":27,"column":13},"end":{"line":29,"column":7}},"17":{"start":{"line":28,"column":8},"end":{"line":28,"column":22}},"18":{"start":{"line":32,"column":4},"end":{"line":32,"column":22}},"19":{"start":{"line":36,"column":4},"end":{"line":38,"column":5}},"20":{"start":{"line":37,"column":6},"end":{"line":37,"column":21}},"21":{"start":{"line":42,"column":4},"end":{"line":50,"column":5}},"22":{"start":{"line":43,"column":6},"end":{"line":43,"column":23}},"23":{"start":{"line":44,"column":11},"end":{"line":50,"column":5}},"24":{"start":{"line":45,"column":6},"end":{"line":45,"column":24}},"25":{"start":{"line":46,"column":11},"end":{"line":50,"column":5}},"26":{"start":{"line":47,"column":6},"end":{"line":47,"column":24}},"27":{"start":{"line":48,"column":11},"end":{"line":50,"column":5}},"28":{"start":{"line":49,"column":6},"end":{"line":49,"column":21}},"29":{"start":{"line":54,"column":4},"end":{"line":58,"column":5}},"30":{"start":{"line":55,"column":6},"end":{"line":55,"column":24}},"31":{"start":{"line":56,"column":11},"end":{"line":58,"column":5}},"32":{"start":{"line":57,"column":6},"end":{"line":57,"column":24}},"33":{"start":{"line":62,"column":4},"end":{"line":66,"column":5}},"34":{"start":{"line":63,"column":6},"end":{"line":63,"column":24}},"35":{"start":{"line":64,"column":11},"end":{"line":66,"column":5}},"36":{"start":{"line":65,"column":6},"end":{"line":65,"column":21}},"37":{"start":{"line":70,"column":4},"end":{"line":70,"column":37}},"38":{"start":{"line":74,"column":4},"end":{"line":74,"column":69}},"39":{"start":{"line":78,"column":4},"end":{"line":78,"column":36}},"40":{"start":{"line":82,"column":4},"end":{"line":87,"column":6}},"41":{"start":{"line":91,"column":4},"end":{"line":91,"column":54}},"42":{"start":{"line":95,"column":0},"end":{"line":98,"column":2}}},"fnMap":{"0":{"name":"(anonymous_0)","decl":{"start":{"line":2,"column":2},"end":{"line":2,"column":3}},"loc":{"start":{"line":2,"column":37},"end":{"line":6,"column":3}},"line":2},"1":{"name":"(anonymous_1)","decl":{"start":{"line":10,"column":2},"end":{"line":10,"column":3}},"loc":{"start":{"line":10,"column":26},"end":{"line":12,"column":3}},"line":10},"2":{"name":"(anonymous_2)","decl":{"start":{"line":14,"column":2},"end":{"line":14,"column":3}},"loc":{"start":{"line":14,"column":18},"end":{"line":33,"column":3}},"line":14},"3":{"name":"(anonymous_3)","decl":{"start":{"line":35,"column":2},"end":{"line":35,"column":3}},"loc":{"start":{"line":35,"column":23},"end":{"line":39,"column":3}},"line":35},"4":{"name":"(anonymous_4)","decl":{"start":{"line":41,"column":2},"end":{"line":41,"column":3}},"loc":{"start":{"line":41,"column":30},"end":{"line":51,"column":3}},"line":41},"5":{"name":"(anonymous_5)","decl":{"start":{"line":53,"column":2},"end":{"line":53,"column":3}},"loc":{"start":{"line":53,"column":23},"end":{"line":59,"column":3}},"line":53},"6":{"name":"(anonymous_6)","decl":{"start":{"line":61,"column":2},"end":{"line":61,"column":3}},"loc":{"start":{"line":61,"column":26},"end":{"line":67,"column":3}},"line":61},"7":{"name":"(anonymous_7)","decl":{"start":{"line":69,"column":2},"end":{"line":69,"column":3}},"loc":{"start":{"line":69,"column":28},"end":{"line":71,"column":3}},"line":69},"8":{"name":"(anonymous_8)","decl":{"start":{"line":73,"column":2},"end":{"line":73,"column":3}},"loc":{"start":{"line":73,"column":35},"end":{"line":75,"column":3}},"line":73},"9":{"name":"(anonymous_9)","decl":{"start":{"line":77,"column":2},"end":{"line":77,"column":3}},"loc":{"start":{"line":77,"column":28},"end":{"line":79,"column":3}},"line":77},"10":{"name":"(anonymous_10)","decl":{"start":{"line":81,"column":2},"end":{"line":81,"column":3}},"loc":{"start":{"line":81,"column":31},"end":{"line":88,"column":3}},"line":81},"11":{"name":"(anonymous_11)","decl":{"start":{"line":90,"column":2},"end":{"line":90,"column":3}},"loc":{"start":{"line":90,"column":28},"end":{"line":92,"column":3}},"line":90}},"branchMap":{"0":{"loc":{"start":{"line":10,"column":14},"end":{"line":10,"column":24}},"type":"default-arg","locations":[{"start":{"line":10,"column":22},"end":{"line":10,"column":24}}],"line":10},"1":{"loc":{"start":{"line":19,"column":6},"end":{"line":29,"column":7}},"type":"if","locations":[{"start":{"line":19,"column":6},"end":{"line":29,"column":7}},{"start":{"line":21,"column":13},"end":{"line":29,"column":7}}],"line":19},"2":{"loc":{"start":{"line":21,"column":13},"end":{"line":29,"column":7}},"type":"if","locations":[{"start":{"line":21,"column":13},"end":{"line":29,"column":7}},{"start":{"line":23,"column":13},"end":{"line":29,"column":7}}],"line":21},"3":{"loc":{"start":{"line":23,"column":13},"end":{"line":29,"column":7}},"type":"if","locations":[{"start":{"line":23,"column":13},"end":{"line":29,"column":7}},{"start":{"line":25,"column":13},"end":{"line":29,"column":7}}],"line":23},"4":{"loc":{"start":{"line":25,"column":13},"end":{"line":29,"column":7}},"type":"if","locations":[{"start":{"line":25,"column":13},"end":{"line":29,"column":7}},{"start":{"line":27,"column":13},"end":{"line":29,"column":7}}],"line":25},"5":{"loc":{"start":{"line":27,"column":13},"end":{"line":29,"column":7}},"type":"if","locations":[{"start":{"line":27,"column":13},"end":{"line":29,"column":7}},{"start":{},"end":{}}],"line":27},"6":{"loc":{"start":{"line":36,"column":4},"end":{"line":38,"column":5}},"type":"if","locations":[{"start":{"line":36,"column":4},"end":{"line":38,"column":5}},{"start":{},"end":{}}],"line":36},"7":{"loc":{"start":{"line":42,"column":4},"end":{"line":50,"column":5}},"type":"if","locations":[{"start":{"line":42,"column":4},"end":{"line":50,"column":5}},{"start":{"line":44,"column":11},"end":{"line":50,"column":5}}],"line":42},"8":{"loc":{"start":{"line":44,"column":11},"end":{"line":50,"column":5}},"type":"if","locations":[{"start":{"line":44,"column":11},"end":{"line":50,"column":5}},{"start":{"line":46,"column":11},"end":{"line":50,"column":5}}],"line":44},"9":{"loc":{"start":{"line":44,"column":15},"end":{"line":44,"column":51}},"type":"binary-expr","locations":[{"start":{"line":44,"column":15},"end":{"line":44,"column":30}},{"start":{"line":44,"column":34},"end":{"line":44,"column":51}}],"line":44},"10":{"loc":{"start":{"line":46,"column":11},"end":{"line":50,"column":5}},"type":"if","locations":[{"start":{"line":46,"column":11},"end":{"line":50,"column":5}},{"start":{"line":48,"column":11},"end":{"line":50,"column":5}}],"line":46},"11":{"loc":{"start":{"line":46,"column":15},"end":{"line":46,"column":52}},"type":"binary-expr","locations":[{"start":{"line":46,"column":15},"end":{"line":46,"column":31}},{"start":{"line":46,"column":35},"end":{"line":46,"column":52}}],"line":46},"12":{"loc":{"start":{"line":48,"column":11},"end":{"line":50,"column":5}},"type":"if","locations":[{"start":{"line":48,"column":11},"end":{"line":50,"column":5}},{"start":{},"end":{}}],"line":48},"13":{"loc":{"start":{"line":54,"column":4},"end":{"line":58,"column":5}},"type":"if","locations":[{"start":{"line":54,"column":4},"end":{"line":58,"column":5}},{"start":{"line":56,"column":11},"end":{"line":58,"column":5}}],"line":54},"14":{"loc":{"start":{"line":54,"column":8},"end":{"line":54,"column":43}},"type":"binary-expr","locations":[{"start":{"line":54,"column":8},"end":{"line":54,"column":24}},{"start":{"line":54,"column":28},"end":{"line":54,"column":43}}],"line":54},"15":{"loc":{"start":{"line":56,"column":11},"end":{"line":58,"column":5}},"type":"if","locations":[{"start":{"line":56,"column":11},"end":{"line":58,"column":5}},{"start":{},"end":{}}],"line":56},"16":{"loc":{"start":{"line":62,"column":4},"end":{"line":66,"column":5}},"type":"if","locations":[{"start":{"line":62,"column":4},"end":{"line":66,"column":5}},{"start":{"line":64,"column":11},"end":{"line":66,"column":5}}],"line":62},"17":{"loc":{"start":{"line":62,"column":8},"end":{"line":62,"column":43}},"type":"binary-expr","locations":[{"start":{"line":62,"column":8},"end":{"line":62,"column":24}},{"start":{"line":62,"column":28},"end":{"line":62,"column":43}}],"line":62},"18":{"loc":{"start":{"line":64,"column":11},"end":{"line":66,"column":5}},"type":"if","locations":[{"start":{"line":64,"column":11},"end":{"line":66,"column":5}},{"start":{},"end":{}}],"line":64},"19":{"loc":{"start":{"line":83,"column":6},"end":{"line":86,"column":29}},"type":"binary-expr","locations":[{"start":{"line":83,"column":6},"end":{"line":83,"column":47}},{"start":{"line":84,"column":6},"end":{"line":84,"column":62}},{"start":{"line":85,"column":6},"end":{"line":85,"column":30}},{"start":{"line":86,"column":6},"end":{"line":86,"column":29}}],"line":83}},"s":{"0":15,"1":15,"2":15,"3":15,"4":15,"5":15,"6":15,"7":15,"8":15,"9":3,"10":12,"11":7,"12":5,"13":2,"14":3,"15":2,"16":1,"17":1,"18":15,"19":2,"20":1,"21":7,"22":1,"23":6,"24":1,"25":5,"26":1,"27":4,"28":1,"29":2,"30":1,"31":1,"32":1,"33":3,"34":1,"35":2,"36":1,"37":5,"38":12,"39":3,"40":15,"41":1,"42":1},"f":{"0":15,"1":15,"2":15,"3":2,"4":7,"5":2,"6":3,"7":5,"8":12,"9":3,"10":15,"11":1},"b":{"0":[0],"1":[3,12],"2":[7,5],"3":[2,3],"4":[2,1],"5":[1,0],"6":[1,1],"7":[1,6],"8":[1,5],"9":[6,2],"10":[1,4],"11":[5,3],"12":[1,3],"13":[1,1],"14":[2,2],"15":[1,0],"16":[1,2],"17":[3,1],"18":[1,1],"19":[15,14,7,5]},"_coverageSchema":"1a1c01bbd47fc00a2c39e90264f33305004495a9","hash":"156eff49f26066757aa694c690c0918f783ffba4"}
}
