TN:
SF:gildedRose.js
FN:2,(anonymous_0)
FN:10,(anonymous_1)
FN:14,(anonymous_2)
FN:35,(anonymous_3)
FN:41,(anonymous_4)
FN:53,(anonymous_5)
FN:61,(anonymous_6)
FN:69,(anonymous_7)
FN:73,(anonymous_8)
FN:77,(anonymous_9)
FN:81,(anonymous_10)
FN:90,(anonymous_11)
FNF:12
FNH:12
FNDA:15,(anonymous_0)
FNDA:15,(anonymous_1)
FNDA:15,(anonymous_2)
FNDA:2,(anonymous_3)
FNDA:7,(anonymous_4)
FNDA:2,(anonymous_5)
FNDA:3,(anonymous_6)
FNDA:5,(anonymous_7)
FNDA:12,(anonymous_8)
FNDA:3,(anonymous_9)
FNDA:15,(anonymous_10)
FNDA:1,(anonymous_11)
DA:3,15
DA:4,15
DA:5,15
DA:11,15
DA:15,15
DA:16,15
DA:17,15
DA:19,15
DA:20,3
DA:21,12
DA:22,7
DA:23,5
DA:24,2
DA:25,3
DA:26,2
DA:27,1
DA:28,1
DA:32,15
DA:36,2
DA:37,1
DA:42,7
DA:43,1
DA:44,6
DA:45,1
DA:46,5
DA:47,1
DA:48,4
DA:49,1
DA:54,2
DA:55,1
DA:56,1
DA:57,1
DA:62,3
DA:63,1
DA:64,2
DA:65,1
DA:70,5
DA:74,12
DA:78,3
DA:82,15
DA:91,1
DA:95,1
LF:42
LH:42
BRDA:10,0,0,0
BRDA:19,1,0,3
BRDA:19,1,1,12
BRDA:21,2,0,7
BRDA:21,2,1,5
BRDA:23,3,0,2
BRDA:23,3,1,3
BRDA:25,4,0,2
BRDA:25,4,1,1
BRDA:27,5,0,1
BRDA:27,5,1,0
BRDA:36,6,0,1
BRDA:36,6,1,1
BRDA:42,7,0,1
BRDA:42,7,1,6
BRDA:44,8,0,1
BRDA:44,8,1,5
BRDA:44,9,0,6
BRDA:44,9,1,2
BRDA:46,10,0,1
BRDA:46,10,1,4
BRDA:46,11,0,5
BRDA:46,11,1,3
BRDA:48,12,0,1
BRDA:48,12,1,3
BRDA:54,13,0,1
BRDA:54,13,1,1
BRDA:54,14,0,2
BRDA:54,14,1,2
BRDA:56,15,0,1
BRDA:56,15,1,0
BRDA:62,16,0,1
BRDA:62,16,1,2
BRDA:62,17,0,3
BRDA:62,17,1,1
BRDA:64,18,0,1
BRDA:64,18,1,1
BRDA:83,19,0,15
BRDA:83,19,1,14
BRDA:83,19,2,7
BRDA:83,19,3,5
BRF:41
BRH:38
end_of_record
