TN:
SF:gildedRose.js
FN:2,(anonymous_0)
FN:10,(anonymous_1)
FN:14,(anonymous_2)
FN:35,(anonymous_3)
FN:41,(anonymous_4)
FN:53,(anonymous_5)
FN:59,(anonymous_6)
FN:63,(anonymous_7)
FN:67,(anonymous_8)
FN:71,(anonymous_9)
FN:80,(anonymous_10)
FNF:11
FNH:11
FNDA:13,(anonymous_0)
FNDA:13,(anonymous_1)
FNDA:13,(anonymous_2)
FNDA:2,(anonymous_3)
FNDA:7,(anonymous_4)
FNDA:2,(anonymous_5)
FNDA:4,(anonymous_6)
FNDA:11,(anonymous_7)
FNDA:2,(anonymous_8)
FNDA:13,(anonymous_9)
FNDA:1,(anonymous_10)
DA:3,13
DA:4,13
DA:5,13
DA:11,13
DA:15,13
DA:16,13
DA:17,13
DA:19,13
DA:20,2
DA:21,11
DA:22,7
DA:23,4
DA:24,2
DA:25,2
DA:26,1
DA:27,1
DA:28,1
DA:32,13
DA:36,2
DA:37,1
DA:42,7
DA:43,1
DA:44,6
DA:45,1
DA:46,5
DA:47,1
DA:48,4
DA:49,1
DA:54,2
DA:55,1
DA:60,4
DA:64,11
DA:68,2
DA:72,13
DA:81,1
DA:85,1
LF:36
LH:36
BRDA:10,0,0,0
BRDA:19,1,0,2
BRDA:19,1,1,11
BRDA:21,2,0,7
BRDA:21,2,1,4
BRDA:23,3,0,2
BRDA:23,3,1,2
BRDA:25,4,0,1
BRDA:25,4,1,1
BRDA:27,5,0,1
BRDA:27,5,1,0
BRDA:36,6,0,1
BRDA:36,6,1,1
BRDA:42,7,0,1
BRDA:42,7,1,6
BRDA:44,8,0,1
BRDA:44,8,1,5
BRDA:44,9,0,6
BRDA:44,9,1,2
BRDA:46,10,0,1
BRDA:46,10,1,4
BRDA:46,11,0,5
BRDA:46,11,1,3
BRDA:48,12,0,1
BRDA:48,12,1,3
BRDA:54,13,0,1
BRDA:54,13,1,1
BRDA:73,14,0,13
BRDA:73,14,1,12
BRDA:73,14,2,5
BRDA:73,14,3,3
BRF:31
BRH:29
end_of_record
